<?xml version="1.0" encoding="UTF-8"?>
<testng-results skipped="0" failed="0" total="1" passed="1">
  <reporter-output>
  </reporter-output>
  <suite name="Default suite" duration-ms="27" started-at="2020-04-05T15:17:08Z" finished-at="2020-04-05T15:17:08Z">
    <groups>
    </groups>
    <test name="Default test" duration-ms="27" started-at="2020-04-05T15:17:08Z" finished-at="2020-04-05T15:17:08Z">
      <class name="testcases.FirstWin">
        <test-method status="PASS" signature="TestMWWE()[pri:0, instance:testcases.FirstWin@9a8472]" name="TestMWWE" duration-ms="12" started-at="2020-04-05T20:47:08Z" finished-at="2020-04-05T20:47:08Z">
          <reporter-output>
          </reporter-output>
        </test-method> <!-- TestMWWE -->
      </class> <!-- testcases.FirstWin -->
    </test> <!-- Default test -->
  </suite> <!-- Default suite -->
</testng-results>
