<?xml version="1.0" encoding="UTF-8"?>
<!-- Generated by org.testng.reporters.JUnitXMLReporter -->
<testsuite hostname="sys" name="Command line test" tests="3" failures="0" timestamp="5 Apr 2020 16:06:23 GMT" time="3.4" errors="0">
  <testcase name="TestMWWE" time="0.011" classname="testcases.TestFirstWin"/>
  <testcase name="Jenk" time="0.001" classname="testcases.TestGetxml"/>
  <testcase name="testRequest" time="3.373" classname="testcases.TestWebService"/>
</testsuite> <!-- Command line test -->
